
> fl-system@1.0.0 dev
> vite --host 0.0.0.0 --port 8019


  VITE v5.4.21  ready in 312 ms

  ➜  Local:   http://localhost:8019/
  ➜  Network: http://10.129.209.249:8019/
14:23:20 [vite] hmr update /src/pages/ComputingSchedule/TaskManagement/index.tsx
14:24:08 [vite] hmr update /src/pages/ComputingSchedule/TaskManagement/index.tsx
14:24:30 [vite] hmr update /src/pages/ComputingSchedule/TaskManagement/index.tsx
14:25:38 [vite] hmr update /src/pages/ComputingSchedule/TaskManagement/index.tsx
14:26:13 [vite] hmr update /src/pages/ComputingSchedule/TaskManagement/index.tsx
14:26:59 [vite] hmr update /src/pages/ComputingSchedule/TaskManagement/index.tsx
14:28:19 [vite] hmr update /src/pages/ComputingSchedule/TaskManagement/index.tsx
14:28:29 [vite] hmr update /src/pages/ComputingSchedule/TaskManagement/index.tsx
14:30:05 [vite] hmr update /src/pages/ComputingSchedule/TaskManagement/index.tsx
14:31:39 [vite] hmr update /src/pages/ComputingSchedule/TaskManagement/index.tsx
14:32:15 [vite] hmr update /src/pages/ComputingSchedule/TaskManagement/index.tsx
14:32:33 [vite] hmr update /src/pages/ComputingSchedule/TaskManagement/index.tsx
14:33:50 [vite] hmr update /src/pages/ComputingSchedule/TaskManagement/index.tsx
14:59:47 [vite] hmr update /src/pages/ComputingSchedule/TaskManagement/index.tsx
14:59:47 [vite] hmr update /src/pages/ComputingSchedule/TaskManagement/index.tsx
14:59:47 [vite] hmr update /src/pages/ComputingSchedule/TaskManagement/index.tsx

> fl-system@1.0.0 dev
> vite --host 0.0.0.0 --port 8019

Port 8019 is in use, trying another one...

  VITE v5.4.21  ready in 287 ms

  ➜  Local:   http://localhost:8020/
  ➜  Network: http://10.129.209.249:8020/

> fl-system@1.0.0 dev
> vite --host 0.0.0.0 --port 8019

Port 8019 is in use, trying another one...
Port 8020 is in use, trying another one...

  VITE v5.4.21  ready in 281 ms

  ➜  Local:   http://localhost:8021/
  ➜  Network: http://10.129.209.249:8021/
15:31:44 [vite] vite.config.ts changed, restarting server...
15:31:44 [vite] vite.config.ts changed, restarting server...
15:31:45 [vite] server restarted.
15:31:45 [vite] server restarted.

> fl-system@1.0.0 dev
> vite --host 0.0.0.0 --port 10819


  VITE v5.4.21  ready in 269 ms

  ➜  Local:   http://localhost:10819/
  ➜  Network: http://10.129.209.249:10819/
16:16:24 [vite] vite.config.ts changed, restarting server...
16:16:24 [vite] server restarted.

> fl-system@1.0.0 dev
> vite host 0.0.0.0 --port 10819


  VITE v5.4.21  ready in 400 ms

  ➜  Local:   http://localhost:10819/
  ➜  Network: use --host to expose

> fl-system@1.0.0 dev
> vite host 0.0.0.0 --port 10819

Re-optimizing dependencies because vite config has changed

  VITE v5.4.21  ready in 423 ms

  ➜  Local:   http://localhost:10819/
  ➜  Network: use --host to expose

> fl-system@1.0.0 dev
> vite host 0.0.0.0 --port 10820

Port 10820 is in use, trying another one...

  VITE v5.4.21  ready in 406 ms

  ➜  Local:   http://localhost:10821/
  ➜  Network: use --host to expose

> fl-system@1.0.0 dev
> vite --host 0.0.0.0 --port 10820


  VITE v5.4.21  ready in 276 ms

  ➜  Local:   http://localhost:10820/
  ➜  Network: http://10.129.209.249:10820/

> fl-system@1.0.0 dev
> vite --host 0.0.0.0 --port 10820

Port 10820 is in use, trying another one...

  VITE v5.4.21  ready in 308 ms

  ➜  Local:   http://localhost:10821/
  ➜  Network: http://10.129.209.249:10821/

> fl-system@1.0.0 dev
> vite --host 0.0.0.0 --port 10820

Port 10820 is in use, trying another one...

  VITE v5.4.21  ready in 293 ms

  ➜  Local:   http://localhost:10821/
  ➜  Network: http://10.129.209.249:10821/

> fl-system@1.0.0 dev
> vite --host 0.0.0.0 --port 10820

Port 10820 is in use, trying another one...

  VITE v5.4.21  ready in 290 ms

  ➜  Local:   http://localhost:10821/
  ➜  Network: http://10.129.209.249:10821/

> fl-system@1.0.0 dev
> vite --host 0.0.0.0 --port 10821

Port 10821 is in use, trying another one...

  VITE v5.4.21  ready in 1811 ms

  ➜  Local:   http://localhost:10822/
  ➜  Network: http://10.129.209.249:10822/

> fl-system@1.0.0 dev
> vite --host 0.0.0.0 --port 10822

Port 10822 is in use, trying another one...

  VITE v5.4.21  ready in 286 ms

  ➜  Local:   http://localhost:10823/
  ➜  Network: http://10.129.209.249:10823/
